[   168.790] (--) Log file renamed from "/home/aditya/.local/share/xorg/Xorg.pid-1168.log" to "/home/aditya/.local/share/xorg/Xorg.0.log"
[   168.791] 
X.Org X Server 1.19.6
Release Date: 2017-12-20
[   168.792] X Protocol Version 11, Revision 0
[   168.792] Build Operating System: Linux 4.4.0-119-generic x86_64 Ubuntu
[   168.792] Current Operating System: Linux aditya-VirtualBox 4.15.0-29-generic #31-Ubuntu SMP Tue Jul 17 15:39:52 UTC 2018 x86_64
[   168.792] Kernel command line: BOOT_IMAGE=/boot/vmlinuz-4.15.0-29-generic root=UUID=c0d64b75-f45c-4f40-8751-ccc8ba59b617 ro quiet splash
[   168.792] Build Date: 13 April 2018  08:07:36PM
[   168.792] xorg-server 2:1.19.6-1ubuntu4 (For technical support please see http://www.ubuntu.com/support) 
[   168.794] Current version of pixman: 0.34.0
[   168.794] 	Before reporting problems, check http://wiki.x.org
	to make sure that you have the latest version.
[   168.794] Markers: (--) probed, (**) from config file, (==) default setting,
	(++) from command line, (!!) notice, (II) informational,
	(WW) warning, (EE) error, (NI) not implemented, (??) unknown.
[   168.795] (==) Log file: "/home/aditya/.local/share/xorg/Xorg.0.log", Time: Tue Dec 10 01:22:56 2019
[   168.821] (==) Using system config directory "/usr/share/X11/xorg.conf.d"
[   168.836] (==) No Layout section.  Using the first Screen section.
[   168.836] (==) No screen section available. Using defaults.
[   168.836] (**) |-->Screen "Default Screen Section" (0)
[   168.836] (**) |   |-->Monitor "<default monitor>"
[   168.854] (==) No monitor specified for screen "Default Screen Section".
	Using a default monitor configuration.
[   168.854] (==) Automatically adding devices
[   168.855] (==) Automatically enabling devices
[   168.855] (==) Automatically adding GPU devices
[   168.855] (==) Automatically binding GPU devices
[   168.856] (==) Max clients allowed: 256, resource mask: 0x1fffff
[   168.856] (WW) The directory "/usr/share/fonts/X11/cyrillic" does not exist.
[   168.856] 	Entry deleted from font path.
[   168.857] (WW) The directory "/usr/share/fonts/X11/100dpi/" does not exist.
[   168.857] 	Entry deleted from font path.
[   168.857] (WW) The directory "/usr/share/fonts/X11/75dpi/" does not exist.
[   168.858] 	Entry deleted from font path.
[   168.858] (WW) The directory "/usr/share/fonts/X11/100dpi" does not exist.
[   168.858] 	Entry deleted from font path.
[   168.858] (WW) The directory "/usr/share/fonts/X11/75dpi" does not exist.
[   168.859] 	Entry deleted from font path.
[   168.860] (==) FontPath set to:
	/usr/share/fonts/X11/misc,
	/usr/share/fonts/X11/Type1,
	built-ins
[   168.860] (==) ModulePath set to "/usr/lib/xorg/modules"
[   168.861] (II) The server relies on udev to provide the list of input devices.
	If no devices become available, reconfigure udev or disable AutoAddDevices.
[   168.862] (II) Loader magic: 0x55a885dc0020
[   168.863] (II) Module ABI versions:
[   168.863] 	X.Org ANSI C Emulation: 0.4
[   168.863] 	X.Org Video Driver: 23.0
[   168.863] 	X.Org XInput driver : 24.1
[   168.863] 	X.Org Server Extension : 10.0
[   168.867] (++) using VT number 2

[   168.874] (II) systemd-logind: took control of session /org/freedesktop/login1/session/_32
[   168.876] (II) xfree86: Adding drm device (/dev/dri/card0)
[   168.880] (II) systemd-logind: got fd for /dev/dri/card0 226:0 fd 12 paused 0
[   168.893] (--) PCI:*(0:0:2:0) 15ad:0405:15ad:0405 rev 0, Mem @ 0xf0000000/16777216, 0xf1000000/2097152, I/O @ 0x0000d010/16, BIOS @ 0x????????/131072
[   168.894] (II) LoadModule: "glx"
[   168.928] (II) Loading /usr/lib/xorg/modules/extensions/libglx.so
[   168.945] (II) Module glx: vendor="X.Org Foundation"
[   168.945] 	compiled for 1.19.6, module version = 1.0.0
[   168.945] 	ABI class: X.Org Server Extension, version 10.0
[   168.945] (==) Matched vmware as autoconfigured driver 0
[   168.945] (==) Matched vmware as autoconfigured driver 1
[   168.945] (==) Matched modesetting as autoconfigured driver 2
[   168.945] (==) Matched fbdev as autoconfigured driver 3
[   168.945] (==) Matched vesa as autoconfigured driver 4
[   168.945] (==) Assigned the driver to the xf86ConfigLayout
[   168.945] (II) LoadModule: "vmware"
[   168.946] (II) Loading /usr/lib/xorg/modules/drivers/vmware_drv.so
[   169.100] (II) Module vmware: vendor="X.Org Foundation"
[   169.100] 	compiled for 1.19.3, module version = 13.2.1
[   169.100] 	Module class: X.Org Video Driver
[   169.100] 	ABI class: X.Org Video Driver, version 23.0
[   169.100] (II) LoadModule: "modesetting"
[   169.101] (II) Loading /usr/lib/xorg/modules/drivers/modesetting_drv.so
[   169.128] (II) Module modesetting: vendor="X.Org Foundation"
[   169.128] 	compiled for 1.19.6, module version = 1.19.6
[   169.129] 	Module class: X.Org Video Driver
[   169.130] 	ABI class: X.Org Video Driver, version 23.0
[   169.130] (II) LoadModule: "fbdev"
[   169.131] (II) Loading /usr/lib/xorg/modules/drivers/fbdev_drv.so
[   169.157] (II) Module fbdev: vendor="X.Org Foundation"
[   169.157] 	compiled for 1.19.3, module version = 0.4.4
[   169.159] 	Module class: X.Org Video Driver
[   169.159] 	ABI class: X.Org Video Driver, version 23.0
[   169.159] (II) LoadModule: "vesa"
[   169.161] (II) Loading /usr/lib/xorg/modules/drivers/vesa_drv.so
[   169.165] (II) Module vesa: vendor="X.Org Foundation"
[   169.165] 	compiled for 1.19.3, module version = 2.3.4
[   169.166] 	Module class: X.Org Video Driver
[   169.167] 	ABI class: X.Org Video Driver, version 23.0
[   169.167] (II) vmware: driver for VMware SVGA: vmware0405, vmware0710
[   169.169] (II) modesetting: Driver for Modesetting Kernel Drivers: kms
[   169.170] (II) FBDEV: driver for framebuffer: fbdev
[   169.171] (II) VESA: driver for VESA chipsets: vesa
[   169.172] xf86EnableIOPorts: failed to set IOPL for I/O (Operation not permitted)
[   169.173] (WW) Falling back to old probe method for modesetting
[   169.173] (WW) Falling back to old probe method for fbdev
[   169.173] (II) Loading sub module "fbdevhw"
[   169.173] (II) LoadModule: "fbdevhw"
[   169.173] (II) Loading /usr/lib/xorg/modules/libfbdevhw.so
[   169.192] (II) Module fbdevhw: vendor="X.Org Foundation"
[   169.193] 	compiled for 1.19.6, module version = 0.0.2
[   169.193] 	ABI class: X.Org Video Driver, version 23.0
[   169.193] (EE) open /dev/fb0: Permission denied
[   169.193] (WW) Falling back to old probe method for vesa
[   169.193] (WW) VGA arbiter: cannot open kernel arbiter, no multi-card support
[   169.193] (II) vmware(0): Creating default Display subsection in Screen section
	"Default Screen Section" for depth/fbbpp 24/32
[   169.193] (--) vmware(0): DRM driver version is 2.14.0
[   169.193] (==) vmware(0): Depth 24, (--) framebuffer bpp 32
[   169.193] (==) vmware(0): RGB weight 888
[   169.193] (==) vmware(0): Default visual is TrueColor
[   169.194] (--) vmware(0): Min width 1, Max Width 8192.
[   169.194] (--) vmware(0): Min height 1, Max Height 8192.
[   169.195] (II) vmware(0): Output Virtual1 has no monitor section
[   169.195] (II) vmware(0): Output Virtual2 has no monitor section
[   169.195] (II) vmware(0): Output Virtual3 has no monitor section
[   169.195] (II) vmware(0): Output Virtual4 has no monitor section
[   169.196] (II) vmware(0): Output Virtual5 has no monitor section
[   169.196] (II) vmware(0): Output Virtual6 has no monitor section
[   169.197] (II) vmware(0): Output Virtual7 has no monitor section
[   169.197] (II) vmware(0): Output Virtual8 has no monitor section
[   169.197] (II) vmware(0): Printing probed modes for output Virtual1
[   169.197] (II) vmware(0): Modeline "800x600"x60.0   42.75  800 850 900 950  600 650 700 750 -hsync +vsync (45.0 kHz eP)
[   169.197] (II) vmware(0): Modeline "2560x1600"x60.0  348.50  2560 2752 3032 3504  1600 1603 1609 1658 -hsync +vsync (99.5 kHz e)
[   169.197] (II) vmware(0): Modeline "1920x1440"x60.0  234.00  1920 2048 2256 2600  1440 1441 1444 1500 -hsync +vsync (90.0 kHz e)
[   169.198] (II) vmware(0): Modeline "1856x1392"x60.0  218.25  1856 1952 2176 2528  1392 1393 1396 1439 -hsync +vsync (86.3 kHz e)
[   169.198] (II) vmware(0): Modeline "1792x1344"x60.0  204.75  1792 1920 2120 2448  1344 1345 1348 1394 -hsync +vsync (83.6 kHz e)
[   169.198] (II) vmware(0): Modeline "1920x1200"x59.9  193.25  1920 2056 2256 2592  1200 1203 1209 1245 -hsync +vsync (74.6 kHz e)
[   169.198] (II) vmware(0): Modeline "1600x1200"x60.0  162.00  1600 1664 1856 2160  1200 1201 1204 1250 +hsync +vsync (75.0 kHz e)
[   169.198] (II) vmware(0): Modeline "1680x1050"x60.0  146.25  1680 1784 1960 2240  1050 1053 1059 1089 -hsync +vsync (65.3 kHz e)
[   169.198] (II) vmware(0): Modeline "1400x1050"x60.0  121.75  1400 1488 1632 1864  1050 1053 1057 1089 -hsync +vsync (65.3 kHz e)
[   169.198] (II) vmware(0): Modeline "1280x1024"x60.0  108.00  1280 1328 1440 1688  1024 1025 1028 1066 +hsync +vsync (64.0 kHz e)
[   169.198] (II) vmware(0): Modeline "1440x900"x59.9  106.50  1440 1520 1672 1904  900 903 909 934 -hsync +vsync (55.9 kHz e)
[   169.198] (II) vmware(0): Modeline "1280x960"x60.0  108.00  1280 1376 1488 1800  960 961 964 1000 +hsync +vsync (60.0 kHz e)
[   169.198] (II) vmware(0): Modeline "1360x768"x60.0   85.50  1360 1424 1536 1792  768 771 777 795 +hsync +vsync (47.7 kHz e)
[   169.198] (II) vmware(0): Modeline "1280x800"x59.8   83.50  1280 1352 1480 1680  800 803 809 831 +hsync -vsync (49.7 kHz e)
[   169.199] (II) vmware(0): Modeline "1152x864"x75.0  108.00  1152 1216 1344 1600  864 865 868 900 +hsync +vsync (67.5 kHz e)
[   169.199] (II) vmware(0): Modeline "1280x768"x59.9   79.50  1280 1344 1472 1664  768 771 778 798 -hsync +vsync (47.8 kHz e)
[   169.199] (II) vmware(0): Modeline "1024x768"x60.0   65.00  1024 1048 1184 1344  768 771 777 806 -hsync -vsync (48.4 kHz e)
[   169.200] (II) vmware(0): Modeline "800x600"x60.3   40.00  800 840 968 1056  600 601 605 628 +hsync +vsync (37.9 kHz e)
[   169.200] (II) vmware(0): Modeline "640x480"x59.9   25.18  640 656 752 800  480 489 492 525 -hsync -vsync (31.5 kHz e)
[   169.200] (II) vmware(0): EDID for output Virtual2
[   169.201] (II) vmware(0): EDID for output Virtual3
[   169.201] (II) vmware(0): EDID for output Virtual4
[   169.201] (II) vmware(0): EDID for output Virtual5
[   169.201] (II) vmware(0): EDID for output Virtual6
[   169.202] (II) vmware(0): EDID for output Virtual7
[   169.202] (II) vmware(0): EDID for output Virtual8
[   169.202] (II) vmware(0): Output Virtual1 connected
[   169.202] (II) vmware(0): Output Virtual2 disconnected
[   169.202] (II) vmware(0): Output Virtual3 disconnected
[   169.202] (II) vmware(0): Output Virtual4 disconnected
[   169.202] (II) vmware(0): Output Virtual5 disconnected
[   169.202] (II) vmware(0): Output Virtual6 disconnected
[   169.202] (II) vmware(0): Output Virtual7 disconnected
[   169.202] (II) vmware(0): Output Virtual8 disconnected
[   169.202] (II) vmware(0): Using exact sizes for initial modes
[   169.202] (II) vmware(0): Output Virtual1 using initial mode 800x600 +0+0
[   169.203] (==) vmware(0): DPI set to (96, 96)
[   169.203] (==) vmware(0): Using gamma correction (1.0, 1.0, 1.0)
[   169.203] (II) Loading sub module "fb"
[   169.203] (II) LoadModule: "fb"
[   169.203] (II) Loading /usr/lib/xorg/modules/libfb.so
[   169.215] (II) Module fb: vendor="X.Org Foundation"
[   169.215] 	compiled for 1.19.6, module version = 1.0.0
[   169.215] 	ABI class: X.Org ANSI C Emulation, version 0.4
[   169.215] (II) Loading sub module "dri2"
[   169.215] (II) LoadModule: "dri2"
[   169.215] (II) Module "dri2" already built-in
[   169.215] (II) UnloadModule: "modesetting"
[   169.216] (II) Unloading modesetting
[   169.216] (II) UnloadModule: "fbdev"
[   169.216] (II) Unloading fbdev
[   169.216] (II) UnloadSubModule: "fbdevhw"
[   169.216] (II) Unloading fbdevhw
[   169.217] (II) UnloadModule: "vesa"
[   169.217] (II) Unloading vesa
[   169.217] (==) Depth 24 pixmap format is 32 bpp
[   169.232] (II) vmware(0): Initialized VMWARE_CTRL extension version 0.2
[   169.252] (WW) vmware(0): Failed to initialize Gallium3D Xa. No render acceleration available.
[   169.252] (WW) vmware(0): Skipped initialization of direct rendering due to lack of render acceleration.
[   169.252] (--) vmware(0): Render acceleration is disabled.
[   169.252] (==) vmware(0): Rendercheck mode is disabled.
[   169.252] (--) vmware(0): Direct rendering (3D) is disabled.
[   169.252] (==) vmware(0): Backing store enabled
[   169.253] (==) vmware(0): Silken mouse enabled
[   169.254] (II) vmware(0): RandR 1.2 enabled, ignore the following RandR disabled message.
[   169.257] (==) vmware(0): DPMS enabled
[   169.257] (II) vmware(0): No 3D acceleration. Not setting up textured video.
[   169.257] (WW) vmware(0): Disabling Xv because no adaptors could be initialized.
[   169.257] (--) RandR disabled
[   169.308] (II) SELinux: Disabled on system
[   169.325] (II) AIGLX: Screen 0 is not DRI2 capable
[   169.325] (EE) AIGLX: reverting to software rendering
[   169.362] (II) IGLX: enabled GLX_MESA_copy_sub_buffer
[   169.372] (II) IGLX: Loaded and initialized swrast
[   169.372] (II) GLX: Initialized DRISWRAST GL provider for screen 0
[   169.385] (II) vmware(0): Setting screen physical size to 211 x 158
[   169.530] (II) config/udev: Adding input device Power Button (/dev/input/event0)
[   169.530] (**) Power Button: Applying InputClass "libinput keyboard catchall"
[   169.530] (II) LoadModule: "libinput"
[   169.549] (II) Loading /usr/lib/xorg/modules/input/libinput_drv.so
[   169.575] (II) Module libinput: vendor="X.Org Foundation"
[   169.576] 	compiled for 1.19.6, module version = 0.27.1
[   169.576] 	Module class: X.Org XInput Driver
[   169.576] 	ABI class: X.Org XInput driver, version 24.1
[   169.576] (II) Using input driver 'libinput' for 'Power Button'
[   169.584] (II) systemd-logind: got fd for /dev/input/event0 13:64 fd 20 paused 0
[   169.584] (**) Power Button: always reports core events
[   169.584] (**) Option "Device" "/dev/input/event0"
[   169.585] (**) Option "_source" "server/udev"
[   169.590] (II) event0  - Power Button: is tagged by udev as: Keyboard
[   169.591] (II) event0  - Power Button: device is a keyboard
[   169.591] (II) event0  - Power Button: device removed
[   169.594] (**) Option "config_info" "udev:/sys/devices/LNXSYSTM:00/LNXPWRBN:00/input/input0/event0"
[   169.594] (II) XINPUT: Adding extended input device "Power Button" (type: KEYBOARD, id 6)
[   169.594] (**) Option "xkb_model" "pc105"
[   169.594] (**) Option "xkb_layout" "us"
[   169.602] (II) event0  - Power Button: is tagged by udev as: Keyboard
[   169.602] (II) event0  - Power Button: device is a keyboard
[   169.607] (II) config/udev: Adding input device Sleep Button (/dev/input/event1)
[   169.607] (**) Sleep Button: Applying InputClass "libinput keyboard catchall"
[   169.609] (II) Using input driver 'libinput' for 'Sleep Button'
[   169.624] (II) systemd-logind: got fd for /dev/input/event1 13:65 fd 23 paused 0
[   169.624] (**) Sleep Button: always reports core events
[   169.624] (**) Option "Device" "/dev/input/event1"
[   169.624] (**) Option "_source" "server/udev"
[   169.626] (II) event1  - Sleep Button: is tagged by udev as: Keyboard
[   169.626] (II) event1  - Sleep Button: device is a keyboard
[   169.626] (II) event1  - Sleep Button: device removed
[   169.627] (**) Option "config_info" "udev:/sys/devices/LNXSYSTM:00/LNXSLPBN:00/input/input1/event1"
[   169.627] (II) XINPUT: Adding extended input device "Sleep Button" (type: KEYBOARD, id 7)
[   169.627] (**) Option "xkb_model" "pc105"
[   169.627] (**) Option "xkb_layout" "us"
[   169.631] (II) event1  - Sleep Button: is tagged by udev as: Keyboard
[   169.634] (II) event1  - Sleep Button: device is a keyboard
[   169.636] (II) config/udev: Adding input device Video Bus (/dev/input/event3)
[   169.636] (**) Video Bus: Applying InputClass "libinput keyboard catchall"
[   169.636] (II) Using input driver 'libinput' for 'Video Bus'
[   169.656] (II) systemd-logind: got fd for /dev/input/event3 13:67 fd 24 paused 0
[   169.656] (**) Video Bus: always reports core events
[   169.656] (**) Option "Device" "/dev/input/event3"
[   169.656] (**) Option "_source" "server/udev"
[   169.657] (II) event3  - Video Bus: is tagged by udev as: Keyboard
[   169.657] (II) event3  - Video Bus: device is a keyboard
[   169.657] (II) event3  - Video Bus: device removed
[   169.657] (**) Option "config_info" "udev:/sys/devices/LNXSYSTM:00/LNXSYBUS:00/PNP0A03:00/LNXVIDEO:00/input/input4/event3"
[   169.657] (II) XINPUT: Adding extended input device "Video Bus" (type: KEYBOARD, id 8)
[   169.657] (**) Option "xkb_model" "pc105"
[   169.657] (**) Option "xkb_layout" "us"
[   169.659] (II) event3  - Video Bus: is tagged by udev as: Keyboard
[   169.659] (II) event3  - Video Bus: device is a keyboard
[   169.662] (II) config/udev: Adding input device VirtualBox mouse integration (/dev/input/event6)
[   169.662] (**) VirtualBox mouse integration: Applying InputClass "libinput pointer catchall"
[   169.662] (II) Using input driver 'libinput' for 'VirtualBox mouse integration'
[   169.675] (II) systemd-logind: got fd for /dev/input/event6 13:70 fd 25 paused 0
[   169.675] (**) VirtualBox mouse integration: always reports core events
[   169.675] (**) Option "Device" "/dev/input/event6"
[   169.675] (**) Option "_source" "server/udev"
[   169.677] (II) event6  - VirtualBox mouse integration: is tagged by udev as: Mouse
[   169.680] (II) event6  - VirtualBox mouse integration: device is a pointer
[   169.680] (II) event6  - VirtualBox mouse integration: device removed
[   169.680] (**) Option "config_info" "udev:/sys/devices/pci0000:00/0000:00:04.0/input/input7/event6"
[   169.680] (II) XINPUT: Adding extended input device "VirtualBox mouse integration" (type: MOUSE, id 9)
[   169.681] (**) Option "AccelerationScheme" "none"
[   169.681] (**) VirtualBox mouse integration: (accel) selected scheme none/0
[   169.681] (**) VirtualBox mouse integration: (accel) acceleration factor: 2.000
[   169.681] (**) VirtualBox mouse integration: (accel) acceleration threshold: 4
[   169.683] (II) event6  - VirtualBox mouse integration: is tagged by udev as: Mouse
[   169.683] (II) event6  - VirtualBox mouse integration: device is a pointer
[   169.686] (II) config/udev: Adding input device VirtualBox mouse integration (/dev/input/js1)
[   169.686] (II) No input driver specified, ignoring this device.
[   169.686] (II) This device may have been added with another device file.
[   169.693] (II) config/udev: Adding input device VirtualBox USB Tablet (/dev/input/event4)
[   169.693] (**) VirtualBox USB Tablet: Applying InputClass "libinput pointer catchall"
[   169.693] (II) Using input driver 'libinput' for 'VirtualBox USB Tablet'
[   169.752] (II) systemd-logind: got fd for /dev/input/event4 13:68 fd 26 paused 0
[   169.752] (**) VirtualBox USB Tablet: always reports core events
[   169.753] (**) Option "Device" "/dev/input/event4"
[   169.753] (**) Option "_source" "server/udev"
[   169.754] (II) event4  - VirtualBox USB Tablet: is tagged by udev as: Mouse
[   169.754] (II) event4  - VirtualBox USB Tablet: device is a pointer
[   169.754] (II) event4  - VirtualBox USB Tablet: device removed
[   169.754] (**) Option "config_info" "udev:/sys/devices/pci0000:00/0000:00:06.0/usb1/1-1/1-1:1.0/0003:80EE:0021.0001/input/input6/event4"
[   169.754] (II) XINPUT: Adding extended input device "VirtualBox USB Tablet" (type: MOUSE, id 10)
[   169.755] (**) Option "AccelerationScheme" "none"
[   169.755] (**) VirtualBox USB Tablet: (accel) selected scheme none/0
[   169.755] (**) VirtualBox USB Tablet: (accel) acceleration factor: 2.000
[   169.755] (**) VirtualBox USB Tablet: (accel) acceleration threshold: 4
[   169.757] (II) event4  - VirtualBox USB Tablet: is tagged by udev as: Mouse
[   169.757] (II) event4  - VirtualBox USB Tablet: device is a pointer
[   169.759] (II) config/udev: Adding input device VirtualBox USB Tablet (/dev/input/js0)
[   169.759] (II) No input driver specified, ignoring this device.
[   169.759] (II) This device may have been added with another device file.
[   169.761] (II) config/udev: Adding input device VirtualBox USB Tablet (/dev/input/mouse0)
[   169.761] (II) No input driver specified, ignoring this device.
[   169.761] (II) This device may have been added with another device file.
[   169.764] (II) config/udev: Adding input device AT Translated Set 2 keyboard (/dev/input/event2)
[   169.764] (**) AT Translated Set 2 keyboard: Applying InputClass "libinput keyboard catchall"
[   169.764] (II) Using input driver 'libinput' for 'AT Translated Set 2 keyboard'
[   169.767] (II) systemd-logind: got fd for /dev/input/event2 13:66 fd 27 paused 0
[   169.768] (**) AT Translated Set 2 keyboard: always reports core events
[   169.768] (**) Option "Device" "/dev/input/event2"
[   169.768] (**) Option "_source" "server/udev"
[   169.769] (II) event2  - AT Translated Set 2 keyboard: is tagged by udev as: Keyboard
[   169.769] (II) event2  - AT Translated Set 2 keyboard: device is a keyboard
[   169.769] (II) event2  - AT Translated Set 2 keyboard: device removed
[   169.769] (**) Option "config_info" "udev:/sys/devices/platform/i8042/serio0/input/input2/event2"
[   169.769] (II) XINPUT: Adding extended input device "AT Translated Set 2 keyboard" (type: KEYBOARD, id 11)
[   169.769] (**) Option "xkb_model" "pc105"
[   169.769] (**) Option "xkb_layout" "us"
[   169.771] (II) event2  - AT Translated Set 2 keyboard: is tagged by udev as: Keyboard
[   169.771] (II) event2  - AT Translated Set 2 keyboard: device is a keyboard
[   169.774] (II) config/udev: Adding input device ImExPS/2 Generic Explorer Mouse (/dev/input/event5)
[   169.774] (**) ImExPS/2 Generic Explorer Mouse: Applying InputClass "libinput pointer catchall"
[   169.774] (II) Using input driver 'libinput' for 'ImExPS/2 Generic Explorer Mouse'
[   169.781] (II) systemd-logind: got fd for /dev/input/event5 13:69 fd 28 paused 0
[   169.781] (**) ImExPS/2 Generic Explorer Mouse: always reports core events
[   169.781] (**) Option "Device" "/dev/input/event5"
[   169.781] (**) Option "_source" "server/udev"
[   169.784] (II) event5  - ImExPS/2 Generic Explorer Mouse: is tagged by udev as: Mouse
[   169.784] (II) event5  - ImExPS/2 Generic Explorer Mouse: device is a pointer
[   169.784] (II) event5  - ImExPS/2 Generic Explorer Mouse: device removed
[   169.786] (**) Option "config_info" "udev:/sys/devices/platform/i8042/serio1/input/input5/event5"
[   169.786] (II) XINPUT: Adding extended input device "ImExPS/2 Generic Explorer Mouse" (type: MOUSE, id 12)
[   169.787] (**) Option "AccelerationScheme" "none"
[   169.787] (**) ImExPS/2 Generic Explorer Mouse: (accel) selected scheme none/0
[   169.787] (**) ImExPS/2 Generic Explorer Mouse: (accel) acceleration factor: 2.000
[   169.787] (**) ImExPS/2 Generic Explorer Mouse: (accel) acceleration threshold: 4
[   169.789] (II) event5  - ImExPS/2 Generic Explorer Mouse: is tagged by udev as: Mouse
[   169.789] (II) event5  - ImExPS/2 Generic Explorer Mouse: device is a pointer
[   169.790] (II) config/udev: Adding input device ImExPS/2 Generic Explorer Mouse (/dev/input/mouse1)
[   169.790] (II) No input driver specified, ignoring this device.
[   169.790] (II) This device may have been added with another device file.
